C51 COMPILER V9.60.0.0   MAIN                                                              07/15/2023 17:04:58 PAGE 1   


C51 COMPILER V9.60.0.0, COMPILATION OF MODULE MAIN
OBJECT MODULE PLACED IN .\Objects\main.obj
COMPILER INVOKED BY: D:\ARM Keil\C51\BIN\C51.EXE User\main.c LARGE OMF2 OPTIMIZE(8,SPEED) BROWSE INCDIR(.\Driver\inc;.\U
                    -ser;.\Driver\OLED) DEBUG PRINT(.\Listings\main.lst) OBJECT(.\Objects\main.obj)

line level    source

   1          /*-------------------------------------------------------------------------------
   2          /*       (C) Copyright 2023, PSYM. All Rights Reserved
   3          /*-------------------------------------------------------------------------------
   4          /* File name   : main.c
   5          /* Description :
   6          /* Author      : PSYM
   7          /*-------------------------------------------------------------------------------
   8          /* Update note:
   9          /* -----------   -----------   --------------------------------------------------
  10          /*    Date         Author                              Note
  11          /* -----------   -----------   --------------------------------------------------
  12          /* 2023-07-05       PSYM
  13          /*
  14          **/
  15          
  16          /* ---------------------------------- 包含头文件 ---------------------------------- */
  17          #include "main.h"
  18          
  19          /* ---------------------------------- 私有宏定义 ---------------------------------- */
  20          /* None. */
  21          
  22          /* ---------------------------------- 私有类型定义 ---------------------------------- */
  23          /* None. */
  24          
  25          /* ---------------------------------- 私有变量 ---------------------------------- */
  26          /* None. */
  27          
  28          /* ---------------------------------- 扩展变量 ---------------------------------- */
  29          /* None. */
  30          
  31          /* ---------------------------------- 私有函数原型 ---------------------------------- */
  32          /* None. */
  33          
  34          /* ---------------------------------- 函数体 ---------------------------------- */
  35          
  36          /**
  37           * @brief: None
  38           * @param: None
  39           * @return: None
  40           * @note: None
  41           */
  42          void main()
  43          {
  44   1          uint8 i = 0;
  45   1      
  46   1          System_Init();
  47   1          delay_ms(500);
  48   1          Peripheral_Init();
  49   1          while (1)
  50   1          {
  51   2              // OLED_ShowCCE(0, 0, 0);
  52   2              // OLED_ShowCCE(18, 1, 1);
  53   2              // OLED_ShowCCE(36, 2, 2);
  54   2              // OLED_ShowCCE(54, 3, 3);
C51 COMPILER V9.60.0.0   MAIN                                                              07/15/2023 17:04:58 PAGE 2   

  55   2              // OLED_ShowCCE(72, 4, 4);
  56   2              // for (i = 0; i < 64; i++)
  57   2              // {
  58   2              //     OLED_ShowPoint(i, i);
  59   2              //     OLED_ShowPoint(128 - i, i);
  60   2              // }
  61   2              // OLED_Draw_Circle(60, 30, 30);
  62   2              // OLED_ShowCCE(36, 2, 0);
  63   2              // OLED_ShowCCE(52, 2, 1);
  64   2              // OLED显示字符串
  65   2              OLED_ShowString(0, 0, " !\"#$%&'()*+,-./0123456789:;<=>?@ABCDEFGHIJKLMNOPQRSTUVWXYZ[\\]^_`abcdefgh
             -ijklmnopqrstuvwxyz{|}~", 8);
  66   2              OLED_Push_Cache();
  67   2          }
  68   1      }
  69          /*>>>>>>>>>> (C) COPYRIGHT PSYM <<<<<< >>>>>> END OF FILE <<<<<<<<<<*/


MODULE INFORMATION:   STATIC OVERLAYABLE
   CODE SIZE        =     41    ----
   CONSTANT SIZE    =     96    ----
   XDATA SIZE       =   ----       1
   PDATA SIZE       =   ----    ----
   DATA SIZE        =   ----    ----
   IDATA SIZE       =   ----    ----
   BIT SIZE         =   ----    ----
   EDATA SIZE       =   ----    ----
   HDATA SIZE       =   ----    ----
   XDATA CONST SIZE =   ----    ----
   FAR CONST SIZE   =   ----    ----
END OF MODULE INFORMATION.


C51 COMPILATION COMPLETE.  0 WARNING(S),  0 ERROR(S)
