C51 COMPILER V9.60.0.0   STC8AX_INIT                                                       07/15/2023 17:04:58 PAGE 1   


C51 COMPILER V9.60.0.0, COMPILATION OF MODULE STC8AX_INIT
OBJECT MODULE PLACED IN .\Objects\STC8Ax_Init.obj
COMPILER INVOKED BY: D:\ARM Keil\C51\BIN\C51.EXE User\STC8Ax_Init.c LARGE OMF2 OPTIMIZE(8,SPEED) BROWSE INCDIR(.\Driver\
                    -inc;.\User;.\Driver\OLED) DEBUG PRINT(.\Listings\STC8Ax_Init.lst) OBJECT(.\Objects\STC8Ax_Init.obj)

line level    source

   1          /*-------------------------------------------------------------------------------
   2          /*       (C) Copyright 2023, PSYM. All Rights Reserved 
   3          /*-------------------------------------------------------------------------------
   4          /* File name   : STC8Ax_Init.c
   5          /* Description : 
   6          /* Author      : PSYM
   7          /*-------------------------------------------------------------------------------
   8          /* Update note:
   9          /* -----------   -----------   --------------------------------------------------
  10          /*    Date         Author                              Note
  11          /* -----------   -----------   --------------------------------------------------
  12          /* 2023-07-05       PSYM
  13          /*
  14          **/
  15          
  16          /* ---------------------------------- 包含头文件 ---------------------------------- */
  17          #include "STC8Ax_Init.h"
  18          
  19          /* ---------------------------------- 私有宏定义 ---------------------------------- */
  20          /* None. */
  21          
  22          /* ---------------------------------- 私有类型定义 ---------------------------------- */
  23          /* None. */
  24          
  25          /* ---------------------------------- 私有变量 ---------------------------------- */
  26          /* None. */
  27          
  28          /* ---------------------------------- 扩展变量 ---------------------------------- */
  29          /* None. */
  30          
  31          /* --------------------------------- 私有函数原型 --------------------------------- */
  32          void GPIO_Config(uint8 GPIO, uint8 GPIOx_Pin, uint8 GPIOx_Mode);
  33          // void SPI_Config;
  34          void Time0_Config();
  35          
  36          /* ----------------------------------- 函数体 ---------------------------------- */
  37          
  38          /*第一区 初始化外围设备 */
  39          /**
  40           * @brief: None
  41           * @param: None
  42           * @return: None
  43           * @note: None
  44           */
  45          void System_Init()
  46          {
  47   1          // 初始化P0口为推挽输出
  48   1          GPIO_Config(GPIO_P0, GPIO_Pin_All, GPIO_OUT_PP);
  49   1      
  50   1          // 初始化P3口为推挽输出
  51   1          GPIO_Config(GPIO_P3, GPIO_Pin_All, GPIO_OUT_PP);
  52   1      
  53   1          // 初始化P41口为推挽输出
  54   1          GPIO_Config(GPIO_P4, GPIO_Pin_1, GPIO_OUT_PP);
C51 COMPILER V9.60.0.0   STC8AX_INIT                                                       07/15/2023 17:04:58 PAGE 2   

  55   1      
  56   1          // OLED初始化
  57   1          OLED_Init();
  58   1          
  59   1          // 串口1初始化
  60   1          UART1_Init();
  61   1          
  62   1          // 定时器0初始化
  63   1              Time0_Config();
  64   1      }
  65          
  66          /* 第二区 初始化外围 */
  67          /**
  68           * 功能：初始化外围设备
  69           * 参数：无
  70           * 返回：无
  71           * 说明：
  72           */
  73          void Peripheral_Init()
  74          {
  75   1              EA = 1;
  76   1      }
  77          
  78          /**
  79           * 功能：初始化GPIO
  80           * 参数：GPIOx：端口, GPIOx_Pin：引脚, GPIOx_Mode：模式
  81           * 返回：无
  82          */
  83          void GPIO_Config(uint8 GPIO, uint8 GPIOx_Pin, uint8 GPIOx_Mode)
  84          {
  85   1              GPIO_InitTypeDef GPIOx; // 定义结构体变量
  86   1      
  87   1              GPIOx.Mode = GPIOx_Mode;
  88   1              GPIOx.Pin = GPIOx_Pin;
  89   1      
  90   1              GPIO_Inilize(GPIO, &GPIOx);
  91   1      }
  92          
  93          /**
  94           * SSIG：SS 引脚功能控制位
  95           * SSIG=1，忽略 SS 引脚功能，使用 MSTR 确定器件是主机还是从机
  96           * SSIG=0，SS 引脚确定器件是主机还是从机
  97           * 
  98           * SPEN：SPI 使能控制位
  99           * SPEN=1，使能 SPI 功能
 100           * SPEN=0，关闭 SPI 功能
 101           * 
 102           * FirstBit：SPI 数据位发送/接收的顺序
 103           * FirstBit=1， 先发送/接收数据的低位（LSB）
 104           * FirstBit=0， 先发送/接收数据的高位（MSB）
 105           * 
 106           * MSTR：器件主/从模式选择位
 107           *  设置主机模式：
 108           *      若 SSIG＝0，则 SS 管脚必须为高电平且设置 MSTR 为 1
 109           *      若 SSIG＝1，则只需要设置 MSTR 为 1（忽略 SS 管脚的电平）
 110           *  设置从机模式：
 111           *      若 SSIG＝0，则 SS 管脚必须为低电平（与 MSTR 位无关）
 112           *      若 SSIG＝1，则只需要设置 MSTR 为 0（忽略 SS 管脚的电平）
 113           * 
 114           * CPOL：SPI 时钟极性控制
 115           * CPOL=1，SCLK 空闲时为高电平，SCLK 的前时钟沿为下降沿，后时钟沿为上升沿
 116           * CPOL=0，SCLK 空闲时为低电平，SCLK 的前时钟沿为上升沿，后时钟沿为下降沿
C51 COMPILER V9.60.0.0   STC8AX_INIT                                                       07/15/2023 17:04:58 PAGE 3   

 117           * 
 118           * CPHA：SPI时钟相位选择。
 119           * CPHA=1， 数据在 SCLK 的前时钟沿驱动，后时钟沿采样
 120           * CPHA=0， 数据 SS 管脚为低电平驱动第一位数据并在 SCLK 的后时钟沿改变数据，前时钟沿采样数据（必须 SSIG＝0
             -）
 121          void SPI_Config()
 122          {
 123              SPI_InitTypeDef SPIx; // 定义结构体变量
 124          
 125              SPIx.SPI_Enable = ENABLE;   // ENABLE,DISABLE
 126              SPIx.SPI_SSIG = ENABLE;     // ENABLE, DISABLE
 127              SPIx.SPI_FirstBit = SPI_MSB; // SPI_MSB, SPI_LSB
 128              SPIx.SPI_Mode = SPI_Mode_Slave;     // SPI_Mode_Master, SPI_Mode_Slave
 129              SPIx.SPI_CPOL = SPI_CPOL_High;     // SPI_CPOL_High,   SPI_CPOL_Low
 130              SPIx.SPI_CPHA = SPI_CPHA_2Edge;     // SPI_CPHA_1Edge,  SPI_CPHA_2Edge
 131              SPIx.SPI_Speed = ;    // SPI_Speed_4,SPI_Speed_16,SPI_Speed_64,SPI_Speed_128
 132          }
 133          */
 134          /**
 135           * 功能：初始化定时器0
 136           * 参数：无
 137           * 返回：无
 138          */
 139          void Time0_Config()
 140          {
 141   1              TIM_InitTypeDef TIME; // 定义结构体变量
 142   1      
 143   1              TIME.TIM_Mode = TIM_16BitAutoReload;    // 16位自动重载
 144   1              TIME.TIM_ClkSource = TIM_CLOCK_12T;             // 时钟源                       TIM_CLOCK_1T,TIM_CLOCK_12T,TIM_CLOCK_Ext
 145   1              TIME.TIM_ClkOut = DISABLE;                              // 可编程时钟输出,      ENABLE,DISABLE
 146   1              TIME.TIM_Value = 0xF830;                                // 装载初值
 147   1              TIME.TIM_Run = DISABLE;                                 // 是否运行                     ENABLE,DISABLE
 148   1      
 149   1              Timer_Inilize(Timer0, &TIME);
 150   1      }
 151          /*>>>>>>>>>> (C) COPYRIGHT PSYM <<<<<< >>>>>> END OF FILE <<<<<<<<<<*/


MODULE INFORMATION:   STATIC OVERLAYABLE
   CODE SIZE        =     86    ----
   CONSTANT SIZE    =   ----    ----
   XDATA SIZE       =   ----       8
   PDATA SIZE       =   ----    ----
   DATA SIZE        =   ----    ----
   IDATA SIZE       =   ----    ----
   BIT SIZE         =   ----    ----
   EDATA SIZE       =   ----    ----
   HDATA SIZE       =   ----    ----
   XDATA CONST SIZE =   ----    ----
   FAR CONST SIZE   =   ----    ----
END OF MODULE INFORMATION.


C51 COMPILATION COMPLETE.  0 WARNING(S),  0 ERROR(S)
