C51 COMPILER V9.60.0.0   UART_PRINTF                                                       07/15/2023 17:04:58 PAGE 1   


C51 COMPILER V9.60.0.0, COMPILATION OF MODULE UART_PRINTF
OBJECT MODULE PLACED IN .\Objects\uart_printf.obj
COMPILER INVOKED BY: D:\ARM Keil\C51\BIN\C51.EXE User\uart_printf.c LARGE OMF2 OPTIMIZE(8,SPEED) BROWSE INCDIR(.\Driver\
                    -inc;.\User;.\Driver\OLED) DEBUG PRINT(.\Listings\uart_printf.lst) OBJECT(.\Objects\uart_printf.obj)

line level    source

   1          /*-------------------------------------------------------------------
   2          /*      (C) Copyright 2021-2022, nbufe. All Rights Reserved 
   3          /*-------------------------------------------------------------------
   4          /* File name   : uart_printf.c
   5          /* Description : 
   6          /* Author      : nbufe
   7          /*-------------------------------------------------------------------
   8          /* 芯片型号:STC8A8K64D4
   9          /* 钟说明:单片机片内高速24MHz时钟 波特率说明:9600b/s
  10          /* Update note:
  11          /* ---------   -----------   ----------------------------------------
  12          /*   Date        Author                       Note
  13          /* ---------   -----------   ----------------------------------------
  14          /*  
  15          /*
  16          **/
  17          
  18          /* 包含头文件 -------------------------------------------------------*/
  19          #include "uart_printf.h"   
*** WARNING C317 IN LINE 38 OF User\type_def.h: attempt to redefine macro 'NULL'
  20          
  21          /* 私有类型定义 -----------------------------------------------------*/
  22          /* None. */
  23          
  24          /* 私有宏定义 -------------------------------------------------------*/
  25          #define  SYSCLK    (24000000UL)                                                 //系统时钟频率值
  26          #define  BAUDSET   (65536 - SYSCLK/9600/4)    //波特率设定与计算
  27          
  28          /* 私有变量 ---------------------------------------------------------*/
  29          /* None. */
  30          
  31          /* 扩展变量 ---------------------------------------------------------*/
  32          /* None. */
  33          
  34          /* 私有函数原形 -----------------------------------------------------*/
  35          void UART1_Init(void);                       //串口1初始化函数
  36          void UART1_SendByte(uint8 byte);           //串口1发送单字符数据函数
  37          void UART1_SendString(const uint8 *str);         //串口1发送字符串数据函数
  38          char putchar(char ch);                           //发送字符重定向函数
  39          
  40          /* 函数体 -----------------------------------------------------------*/
  41          
  42          /*
  43          在使用单片机开发过程中，很多情况下都希望能够通过串口输出一些调试信息。
  44          二种串口输出各种格式数据的方法：
  45          一.自己完全编程串口函数，进行格式化各种可能要使用的数据；
  46          二.比较简单的方法是使用库中的printf函数，这种方法虽然比较占用资源，但在很多情况下比较简单实用。
  47          在使用printf函数之前需要注意亮点，一是调用头文件stdio.h，二是重定义putchar发送单个字符函数。
  48          */
  49          /*
  50           * 功能：printf函数在格式化输出
  51           * 参数：str 要发送的字符串地址。
  52           * 返回：None.
  53          */
C51 COMPILER V9.60.0.0   UART_PRINTF                                                       07/15/2023 17:04:58 PAGE 2   

  54          char putchar(char ch)   //发送字符重定向函数
  55          {
  56   1          UART1_SendByte(ch); //通过串口1发送数据
  57   1          return ch;
  58   1      }
  59          
  60          /*
  61           * 功能: 串口1初始化函数
  62           * 参数: None
  63          */
  64          void UART1_Init(void)           //9600bps@24.000MHz
  65          {
  66   1          SCON = 0x50;                //8位数据,可变波特率
  67   1          AUXR |= 0x04;               //定时器时钟1T模式
  68   1          AUXR |= 0x01;               //串口1选择定时器2为波特率发生器
  69   1          T2L = BAUDSET;              //设置定时初始值
  70   1          T2H = BAUDSET >> 8;         //设置定时初始值
  71   1          AUXR |= 0x10;               //定时器1开始计时
  72   1          RI = 0;
  73   1          TI = 0;                             //清除接收数据标志位和发送数据标志位
  74   1      }
  75          
  76          /**
  77           * 功能：串口发送一个字节函数，
  78           * 参数：byte 要发送的字节数据。
  79          */
  80          void UART1_SendByte(uint8 byte)
  81          {
  82   1          SBUF = byte;
  83   1          while(!TI);
  84   1          TI = 0;
  85   1      }
  86          
  87          /**
  88           * 功能：串口发送字符串函数
  89           * 参数：str 要发送的字符串地址
  90          */
  91          void UART1_SendString(const uint8 *str)
  92          {
  93   1          while(*str != '\0')
  94   1          {
  95   2              UART1_SendByte(*(str++));
  96   2          }
  97   1      }
  98          
  99          /*>>>>>>>>>> (C) COPYRIGHT NBUFE <<<<<< >>>>>> END OF FILE <<<<<<<<<<*/


MODULE INFORMATION:   STATIC OVERLAYABLE
   CODE SIZE        =     96    ----
   CONSTANT SIZE    =   ----    ----
   XDATA SIZE       =   ----       4
   PDATA SIZE       =   ----    ----
   DATA SIZE        =   ----    ----
   IDATA SIZE       =   ----    ----
   BIT SIZE         =   ----    ----
   EDATA SIZE       =   ----    ----
   HDATA SIZE       =   ----    ----
   XDATA CONST SIZE =   ----    ----
   FAR CONST SIZE   =   ----    ----
END OF MODULE INFORMATION.


C51 COMPILATION COMPLETE.  1 WARNING(S),  0 ERROR(S)
